  main.cpp
main.obj : error LNK2019: unresolved external symbol "__declspec(dllimport) public: __cdecl sf::String::String(char const *,class std::locale const &)" (__imp_??0String@sf@@QEAA@PEBDAEBVlocale@std@@@Z) referenced in function main
main.obj : error LNK2019: unresolved external symbol "__declspec(dllimport) public: __cdecl sf::String::~String(void)" (__imp_??1String@sf@@QEAA@XZ) referenced in function main
main.obj : error LNK2019: unresolved external symbol "__declspec(dllimport) public: __cdecl sf::VideoMode::VideoMode(unsigned int,unsigned int,unsigned int)" (__imp_??0VideoMode@sf@@QEAA@III@Z) referenced in function main
main.obj : error LNK2019: unresolved external symbol "__declspec(dllimport) public: bool __cdecl sf::WindowBase::isOpen(void)const " (__imp_?isOpen@WindowBase@sf@@QEBA_NXZ) referenced in function main
main.obj : error LNK2019: unresolved external symbol "__declspec(dllimport) public: bool __cdecl sf::WindowBase::pollEvent(class sf::Event &)" (__imp_?pollEvent@WindowBase@sf@@QEAA_NAEAVEvent@2@@Z) referenced in function main
main.obj : error LNK2019: unresolved external symbol "__declspec(dllimport) public: virtual void __cdecl sf::Window::close(void)" (__imp_?close@Window@sf@@UEAAXXZ) referenced in function main
main.obj : error LNK2019: unresolved external symbol "__declspec(dllimport) public: void __cdecl sf::Window::display(void)" (__imp_?display@Window@sf@@QEAAXXZ) referenced in function main
main.obj : error LNK2019: unresolved external symbol "__declspec(dllimport) public: void __cdecl sf::Transformable::setPosition(float,float)" (__imp_?setPosition@Transformable@sf@@QEAAXMM@Z) referenced in function main
main.obj : error LNK2019: unresolved external symbol "__declspec(dllimport) public: void __cdecl sf::Shape::setTexture(class sf::Texture const *,bool)" (__imp_?setTexture@Shape@sf@@QEAAXPEBVTexture@2@_N@Z) referenced in function main
main.obj : error LNK2019: unresolved external symbol "__declspec(dllimport) public: __cdecl sf::Texture::Texture(void)" (__imp_??0Texture@sf@@QEAA@XZ) referenced in function main
main.obj : error LNK2019: unresolved external symbol "__declspec(dllimport) public: __cdecl sf::Texture::~Texture(void)" (__imp_??1Texture@sf@@QEAA@XZ) referenced in function main
main.obj : error LNK2019: unresolved external symbol "__declspec(dllimport) public: bool __cdecl sf::Texture::loadFromFile(class std::basic_string<char,struct std::char_traits<char>,class std::allocator<char> > const &,class sf::Rect<int> const &)" (__imp_?loadFromFile@Texture@sf@@QEAA_NAEBV?$basic_string@DU?$char_traits@D@std@@V?$allocator@D@2@@std@@AEBV?$Rect@H@2@@Z) referenced in function main
main.obj : error LNK2019: unresolved external symbol "__declspec(dllimport) public: class sf::Vector2<unsigned int> __cdecl sf::Texture::getSize(void)const " (__imp_?getSize@Texture@sf@@QEBA?AV?$Vector2@I@2@XZ) referenced in function main
main.obj : error LNK2019: unresolved external symbol "__declspec(dllimport) public: __cdecl sf::RectangleShape::RectangleShape(class sf::Vector2<float> const &)" (__imp_??0RectangleShape@sf@@QEAA@AEBV?$Vector2@M@1@@Z) referenced in function main
main.obj : error LNK2019: unresolved external symbol "__declspec(dllimport) public: virtual __cdecl sf::RectangleShape::~RectangleShape(void)" (__imp_??1RectangleShape@sf@@UEAA@XZ) referenced in function main
main.obj : error LNK2019: unresolved external symbol "__declspec(dllimport) public: void __cdecl sf::RenderTarget::draw(class sf::Drawable const &,class sf::RenderStates const &)" (__imp_?draw@RenderTarget@sf@@QEAAXAEBVDrawable@2@AEBVRenderStates@2@@Z) referenced in function main
main.obj : error LNK2019: unresolved external symbol "__declspec(dllimport) public: __cdecl sf::RenderWindow::RenderWindow(class sf::VideoMode,class sf::String const &,unsigned int,struct sf::ContextSettings const &)" (__imp_??0RenderWindow@sf@@QEAA@VVideoMode@1@AEBVString@1@IAEBUContextSettings@1@@Z) referenced in function main
main.obj : error LNK2019: unresolved external symbol "__declspec(dllimport) public: virtual __cdecl sf::RenderWindow::~RenderWindow(void)" (__imp_??1RenderWindow@sf@@UEAA@XZ) referenced in function main
main.obj : error LNK2019: unresolved external symbol "__declspec(dllimport) public: virtual class sf::Vector2<unsigned int> __cdecl sf::RenderWindow::getSize(void)const " (__imp_?getSize@RenderWindow@sf@@UEBA?AV?$Vector2@I@2@XZ) referenced in function main
main.obj : error LNK2019: unresolved external symbol "__declspec(dllimport) public: static class sf::RenderStates const sf::RenderStates::Default" (__imp_?Default@RenderStates@sf@@2V12@B) referenced in function main
C:\Users\plulo\source\c++\Space Invaders\sfml\lib\sfml-system-d.lib : warning LNK4272: library machine type 'x86' conflicts with target machine type 'x64'
C:\Users\plulo\source\c++\Space Invaders\sfml\lib\sfml-graphics-d.lib : warning LNK4272: library machine type 'x86' conflicts with target machine type 'x64'
C:\Users\plulo\source\c++\Space Invaders\sfml\lib\sfml-audio-d.lib : warning LNK4272: library machine type 'x86' conflicts with target machine type 'x64'
C:\Users\plulo\source\c++\Space Invaders\sfml\lib\sfml-network-d.lib : warning LNK4272: library machine type 'x86' conflicts with target machine type 'x64'
C:\Users\plulo\source\c++\Space Invaders\sfml\lib\sfml-window-d.lib : warning LNK4272: library machine type 'x86' conflicts with target machine type 'x64'
C:\Users\plulo\source\c++\Space Invaders\x64\Debug\Space Invaders.exe : fatal error LNK1120: 20 unresolved externals
